# JRE version: OpenJDK Runtime Environment (11.0.8+10) (build 11.0.8+10-b944.6842174)
# Java VM: OpenJDK 64-Bit Server VM (11.0.8+10-b944.6842174, mixed mode, tiered, compressed oops, g1 gc, windows-amd64)
Heap:
 garbage-first heap   total 622592K, used 180845K [0x0000000080000000, 0x0000000100000000)
  region size 1024K, 3 young (3072K), 3 survivors (3072K)
 Metaspace       used 133861K, capacity 137218K, committed 137512K, reserved 1169408K
  class space    used 16356K, capacity 17557K, committed 17612K, reserved 1048576K
GC Heap History (20 events):
Event: 546.693 GC heap after
{Heap after GC invocations=83 (full 0):
 garbage-first heap   total 274432K, used 139873K [0x0000000080000000, 0x0000000100000000)
  region size 1024K, 8 young (8192K), 8 survivors (8192K)
 Metaspace       used 127439K, capacity 130514K, committed 130728K, reserved 1163264K
  class space    used 15611K, capacity 16675K, committed 16716K, reserved 1048576K
}
Event: 547.140 GC heap before
{Heap before GC invocations=83 (full 0):
 garbage-first heap   total 274432K, used 237153K [0x0000000080000000, 0x0000000100000000)
  region size 1024K, 103 young (105472K), 8 survivors (8192K)
 Metaspace       used 127451K, capacity 130514K, committed 130728K, reserved 1163264K
  class space    used 15611K, capacity 16675K, committed 16716K, reserved 1048576K
}
Event: 547.155 GC heap after
{Heap after GC invocations=84 (full 0):
 garbage-first heap   total 274432K, used 142252K [0x0000000080000000, 0x0000000100000000)
  region size 1024K, 9 young (9216K), 9 survivors (9216K)
 Metaspace       used 127451K, capacity 130514K, committed 130728K, reserved 1163264K
  class space    used 15611K, capacity 16675K, committed 16716K, reserved 1048576K
}
Event: 547.543 GC heap before
{Heap before GC invocations=84 (full 0):
 garbage-first heap   total 274432K, used 237484K [0x0000000080000000, 0x0000000100000000)
  region size 1024K, 102 young (104448K), 9 survivors (9216K)
 Metaspace       used 127619K, capacity 130754K, committed 131112K, reserved 1163264K
  class space    used 15636K, capacity 16711K, committed 16844K, reserved 1048576K
}
Event: 547.561 GC heap after
{Heap after GC invocations=85 (full 0):
 garbage-first heap   total 274432K, used 142011K [0x0000000080000000, 0x0000000100000000)
  region size 1024K, 7 young (7168K), 7 survivors (7168K)
 Metaspace       used 127619K, capacity 130754K, committed 131112K, reserved 1163264K
  class space    used 15636K, capacity 16711K, committed 16844K, reserved 1048576K
}
Event: 547.983 GC heap before
{Heap before GC invocations=85 (full 0):
 garbage-first heap   total 274432K, used 238267K [0x0000000080000000, 0x0000000100000000)
  region size 1024K, 101 young (103424K), 7 survivors (7168K)
 Metaspace       used 127640K, capacity 130754K, committed 131112K, reserved 1163264K
  class space    used 15639K, capacity 16711K, committed 16844K, reserved 1048576K
}
Event: 547.995 GC heap after
{Heap after GC invocations=86 (full 0):
 garbage-first heap   total 274432K, used 143272K [0x0000000080000000, 0x0000000100000000)
  region size 1024K, 8 young (8192K), 8 survivors (8192K)
 Metaspace       used 127640K, capacity 130754K, committed 131112K, reserved 1163264K
  class space    used 15639K, capacity 16711K, committed 16844K, reserved 1048576K
}
Event: 548.414 GC heap before
{Heap before GC invocations=86 (full 0):
 garbage-first heap   total 274432K, used 237480K [0x0000000080000000, 0x0000000100000000)
  region size 1024K, 100 young (102400K), 8 survivors (8192K)
 Metaspace       used 127647K, capacity 130754K, committed 131112K, reserved 1163264K
  class space    used 15639K, capacity 16711K, committed 16844K, reserved 1048576K
}
Event: 548.426 GC heap after
{Heap after GC invocations=87 (full 0):
 garbage-first heap   total 274432K, used 144062K [0x0000000080000000, 0x0000000100000000)
  region size 1024K, 8 young (8192K), 8 survivors (8192K)
 Metaspace       used 127647K, capacity 130754K, committed 131112K, reserved 1163264K
  class space    used 15639K, capacity 16711K, committed 16844K, reserved 1048576K
}
Event: 549.047 GC heap before
{Heap before GC invocations=87 (full 0):
 garbage-first heap   total 274432K, used 237246K [0x0000000080000000, 0x0000000100000000)
  region size 1024K, 99 young (101376K), 8 survivors (8192K)
 Metaspace       used 128712K, capacity 131972K, committed 132264K, reserved 1165312K
  class space    used 15779K, capacity 16900K, committed 16972K, reserved 1048576K
}
Event: 549.064 GC heap after
{Heap after GC invocations=88 (full 0):
 garbage-first heap   total 329728K, used 146096K [0x0000000080000000, 0x0000000100000000)
  region size 1024K, 10 young (10240K), 10 survivors (10240K)
 Metaspace       used 128712K, capacity 131972K, committed 132264K, reserved 1165312K
  class space    used 15779K, capacity 16900K, committed 16972K, reserved 1048576K
}
Event: 551.653 GC heap before
{Heap before GC invocations=88 (full 0):
 garbage-first heap   total 329728K, used 278192K [0x0000000080000000, 0x0000000100000000)
  region size 1024K, 133 young (136192K), 10 survivors (10240K)
 Metaspace       used 129843K, capacity 133084K, committed 133160K, reserved 1165312K
  class space    used 15900K, capacity 17042K, committed 17100K, reserved 1048576K
}
Event: 551.668 GC heap after
{Heap after GC invocations=89 (full 0):
 garbage-first heap   total 329728K, used 153313K [0x0000000080000000, 0x0000000100000000)
  region size 1024K, 12 young (12288K), 12 survivors (12288K)
 Metaspace       used 129843K, capacity 133084K, committed 133160K, reserved 1165312K
  class space    used 15900K, capacity 17042K, committed 17100K, reserved 1048576K
}
Event: 553.134 GC heap before
{Heap before GC invocations=89 (full 0):
 garbage-first heap   total 329728K, used 291553K [0x0000000080000000, 0x0000000100000000)
  region size 1024K, 138 young (141312K), 12 survivors (12288K)
 Metaspace       used 132890K, capacity 136247K, committed 136360K, reserved 1169408K
  class space    used 16261K, capacity 17449K, committed 17484K, reserved 1048576K
}
Event: 553.258 GC heap after
{Heap after GC invocations=90 (full 0):
 garbage-first heap   total 351232K, used 204782K [0x0000000080000000, 0x0000000100000000)
  region size 1024K, 18 young (18432K), 18 survivors (18432K)
 Metaspace       used 132890K, capacity 136247K, committed 136360K, reserved 1169408K
  class space    used 16261K, capacity 17449K, committed 17484K, reserved 1048576K
}
Event: 553.428 GC heap before
{Heap before GC invocations=90 (full 0):
 garbage-first heap   total 351232K, used 211950K [0x0000000080000000, 0x0000000100000000)
  region size 1024K, 25 young (25600K), 18 survivors (18432K)
 Metaspace       used 133175K, capacity 136536K, committed 136744K, reserved 1169408K
  class space    used 16295K, capacity 17481K, committed 17612K, reserved 1048576K
}
Event: 553.516 GC heap after
{Heap after GC invocations=91 (full 0):
 garbage-first heap   total 351232K, used 208384K [0x0000000080000000, 0x0000000100000000)
  region size 1024K, 2 young (2048K), 2 survivors (2048K)
 Metaspace       used 133175K, capacity 136536K, committed 136744K, reserved 1169408K
  class space    used 16295K, capacity 17481K, committed 17612K, reserved 1048576K
}
Event: 554.915 GC heap before
{Heap before GC invocations=92 (full 0):
 garbage-first heap   total 351232K, used 245248K [0x0000000080000000, 0x0000000100000000)
  region size 1024K, 48 young (49152K), 2 survivors (2048K)
 Metaspace       used 133803K, capacity 137142K, committed 137256K, reserved 1169408K
  class space    used 16349K, capacity 17554K, committed 17612K, reserved 1048576K
}
Event: 554.947 GC heap after
{Heap after GC invocations=93 (full 0):
 garbage-first heap   total 351232K, used 206848K [0x0000000080000000, 0x0000000100000000)
  region size 1024K, 6 young (6144K), 6 survivors (6144K)
 Metaspace       used 133803K, capacity 137142K, committed 137256K, reserved 1169408K
  class space    used 16349K, capacity 17554K, committed 17612K, reserved 1048576K
}
Event: 555.534 GC heap before
{Heap before GC invocations=93 (full 0):
 garbage-first heap   total 351232K, used 219136K [0x0000000080000000, 0x0000000100000000)
  region size 1024K, 17 young (17408K), 6 survivors (6144K)
 Metaspace       used 133861K, capacity 137218K, committed 137512K, reserved 1169408K
  class space    used 16356K, capacity 17557K, committed 17612K, reserved 1048576K
}

